\BOOKMARK [1][-]{section.1}{\376\377\173\054\116\000\172\340\213\357\135\356\164\006\213\272}{}% 1
\BOOKMARK [2][-]{subsection.1.1}{\376\377\000p\000r\000o\000b\000l\000e\000m\000\040\0001}{section.1}% 2
\BOOKMARK [2][-]{subsection.1.2}{\376\377\000p\000r\000o\000b\000l\000e\000m\000\040\0002}{section.1}% 3
\BOOKMARK [2][-]{subsection.1.3}{\376\377\117\134\116\032}{section.1}% 4
\BOOKMARK [1][-]{section.2}{\376\377\173\054\116\214\172\340\227\136\176\277\140\047\145\271\172\013\154\102\150\071}{}% 5
\BOOKMARK [2][-]{subsection.2.1}{\376\377\000p\000r\000o\000b\000l\000e\000m\000\040\0001}{section.2}% 6
\BOOKMARK [3][-]{subsubsection.2.1.1}{\376\377\000p\000r\000o\000b\000l\000e\000m\000\040\0001\000.\0001}{subsection.2.1}% 7
\BOOKMARK [3][-]{subsubsection.2.1.2}{\376\377\000p\000r\000o\000b\000l\000e\000m\000\040\0001\000.\0002}{subsection.2.1}% 8
\BOOKMARK [3][-]{subsubsection.2.1.3}{\376\377\000p\000r\000o\000b\000l\000e\000m\000\040\0001\000.\0003}{subsection.2.1}% 9
\BOOKMARK [2][-]{subsection.2.2}{\376\377\000p\000r\000o\000b\000l\000e\000m\000\040\0002}{section.2}% 10
\BOOKMARK [2][-]{subsection.2.3}{\376\377\000p\000r\000o\000b\000l\000e\000m\000\040\0003}{section.2}% 11
\BOOKMARK [2][-]{subsection.2.4}{\376\377\000p\000r\000o\000b\000l\000e\000m\000\040\0004}{section.2}% 12
\BOOKMARK [1][-]{section.3}{\376\377\173\054\121\155\060\001\116\003\172\340\176\277\140\047\145\271\172\013\176\304\154\102\211\343}{}% 13
\BOOKMARK [2][-]{subsection.3.1}{\376\377\000p\000r\000o\000b\000l\000e\000m\000\040\0001}{section.3}% 14
\BOOKMARK [2][-]{subsection.3.2}{\376\377\000p\000r\000o\000b\000l\000e\000m\000\040\0002}{section.3}% 15
\BOOKMARK [1][-]{section.4}{\376\377\173\054\116\011\172\340\143\322\120\074\131\032\230\171\137\017}{}% 16
\BOOKMARK [2][-]{subsection.4.1}{\376\377\000p\000r\000o\000b\000l\000e\000m\000\040\0001}{section.4}% 17
\BOOKMARK [2][-]{subsection.4.2}{\376\377\117\134\116\032\143\250\133\374}{section.4}% 18
\BOOKMARK [1][-]{section.5}{\376\377\173\054\126\333\172\340\145\160\120\074\137\256\122\006\116\016\145\160\120\074\171\357\122\006}{}% 19
\BOOKMARK [2][-]{subsection.5.1}{\376\377\000p\000r\000o\000b\000l\000e\000m\000\040\0001}{section.5}% 20
\BOOKMARK [2][-]{subsection.5.2}{\376\377\117\134\116\032\143\250\133\374}{section.5}% 21
\BOOKMARK [1][-]{section.6}{\376\377\173\054\116\224\172\340\136\070\137\256\122\006\145\271\172\013\145\160\120\074\211\343}{}% 22
\BOOKMARK [2][-]{subsection.6.1}{\376\377\000p\000r\000o\000b\000l\000e\000m\000\040\0001}{section.6}% 23
\BOOKMARK [2][-]{subsection.6.2}{\376\377\000p\000r\000o\000b\000l\000e\000m\000\040\0002}{section.6}% 24
\BOOKMARK [1][-]{section.7}{\376\377\173\054\121\153\172\340\146\362\176\277\142\337\124\010\116\016\121\375\145\160\220\074\217\321}{}% 25
\BOOKMARK [1][-]{section.8}{\376\377\173\054\116\135\172\340\162\171\137\201\120\074\116\016\162\171\137\201\124\021\221\317}{}% 26
\BOOKMARK [2][-]{subsection.8.1}{\376\377\000p\000r\000o\000b\000l\000e\000m\000\040\0001}{section.8}% 27
\BOOKMARK [2][-]{subsection.8.2}{\376\377\000p\000r\000o\000b\000l\000e\000m\000\040\0002}{section.8}% 28
\BOOKMARK [1][-]{section.9}{\376\377\0002\0000\0000\0001\136\164\136\372\152\041\000A\230\230}{}% 29
